<?xml version="1.0" encoding="UTF-8"?>
<!-- Generated by org.testng.reporters.JUnitReportReporter -->
<testsuite hostname="MacBookPro" failures="0" tests="4" name="api.PetCrudTests" time="4.405" errors="0" timestamp="2025-05-13T15:41:26 CEST" skipped="0">
  <testcase classname="api.PetCrudTests" name="createPet" time="2.697"/>
  <testcase classname="api.PetCrudTests" name="getPet" time="0.606"/>
  <testcase classname="api.PetCrudTests" name="updatePet" time="0.559"/>
  <testcase classname="api.PetCrudTests" name="deletePet" time="0.543"/>
</testsuite> <!-- api.PetCrudTests -->
