<?xml version="1.0" encoding="UTF-8"?>
<testsuite xmlns:xsi="http://www.w3.org/2001/XMLSchema-instance" xsi:noNamespaceSchemaLocation="https://maven.apache.org/surefire/maven-surefire-plugin/xsd/surefire-test-report-3.0.xsd" version="3.0" name="api.PetCrudTests" time="5.618" tests="4" errors="0" skipped="0" failures="0">
  <properties>
    <property name="java.specification.version" value="17"/>
    <property name="sun.jnu.encoding" value="UTF-8"/>
    <property name="java.class.path" value="/Users/azeezalimi/Desktop/Automation/n26HomeChallenge/src/restfulApiTestAutomation(RestAssured-Bonus)/target/test-classes:/Users/azeezalimi/Desktop/Automation/n26HomeChallenge/src/restfulApiTestAutomation(RestAssured-Bonus)/target/classes:/Users/azeezalimi/.m2/repository/io/rest-assured/rest-assured/5.4.0/rest-assured-5.4.0.jar:/Users/azeezalimi/.m2/repository/org/apache/groovy/groovy/4.0.16/groovy-4.0.16.jar:/Users/azeezalimi/.m2/repository/org/apache/groovy/groovy-xml/4.0.16/groovy-xml-4.0.16.jar:/Users/azeezalimi/.m2/repository/org/apache/httpcomponents/httpclient/4.5.13/httpclient-4.5.13.jar:/Users/azeezalimi/.m2/repository/org/apache/httpcomponents/httpcore/4.4.13/httpcore-4.4.13.jar:/Users/azeezalimi/.m2/repository/commons-logging/commons-logging/1.2/commons-logging-1.2.jar:/Users/azeezalimi/.m2/repository/commons-codec/commons-codec/1.11/commons-codec-1.11.jar:/Users/azeezalimi/.m2/repository/org/apache/httpcomponents/httpmime/4.5.13/httpmime-4.5.13.jar:/Users/azeezalimi/.m2/repository/org/hamcrest/hamcrest/2.2/hamcrest-2.2.jar:/Users/azeezalimi/.m2/repository/org/ccil/cowan/tagsoup/tagsoup/1.2.1/tagsoup-1.2.1.jar:/Users/azeezalimi/.m2/repository/io/rest-assured/xml-path/5.4.0/xml-path-5.4.0.jar:/Users/azeezalimi/.m2/repository/org/apache/commons/commons-lang3/3.11/commons-lang3-3.11.jar:/Users/azeezalimi/.m2/repository/io/rest-assured/json-path/5.4.0/json-path-5.4.0.jar:/Users/azeezalimi/.m2/repository/org/apache/groovy/groovy-json/4.0.16/groovy-json-4.0.16.jar:/Users/azeezalimi/.m2/repository/io/rest-assured/rest-assured-common/5.4.0/rest-assured-common-5.4.0.jar:/Users/azeezalimi/.m2/repository/org/testng/testng/7.9.0/testng-7.9.0.jar:/Users/azeezalimi/.m2/repository/org/slf4j/slf4j-api/1.7.36/slf4j-api-1.7.36.jar:/Users/azeezalimi/.m2/repository/com/beust/jcommander/1.82/jcommander-1.82.jar:/Users/azeezalimi/.m2/repository/org/webjars/jquery/3.7.1/jquery-3.7.1.jar:"/>
    <property name="java.vm.vendor" value="Eclipse Adoptium"/>
    <property name="sun.arch.data.model" value="64"/>
    <property name="java.vendor.url" value="https://adoptium.net/"/>
    <property name="user.timezone" value="Europe/Stockholm"/>
    <property name="os.name" value="Mac OS X"/>
    <property name="java.vm.specification.version" value="17"/>
    <property name="sun.java.launcher" value="SUN_STANDARD"/>
    <property name="user.country" value="GB"/>
    <property name="sun.boot.library.path" value="/Library/Java/JavaVirtualMachines/temurin-17.jdk/Contents/Home/lib"/>
    <property name="sun.java.command" value="/Users/azeezalimi/Desktop/Automation/n26HomeChallenge/src/restfulApiTestAutomation(RestAssured-Bonus)/target/surefire/surefirebooter-20250513154120722_3.jar /Users/azeezalimi/Desktop/Automation/n26HomeChallenge/src/restfulApiTestAutomation(RestAssured-Bonus)/target/surefire 2025-05-13T15-41-20_340-jvmRun1 surefire-20250513154120722_1tmp surefire_0-20250513154120722_2tmp"/>
    <property name="http.nonProxyHosts" value="local|*.local|169.254/16|*.169.254/16"/>
    <property name="jdk.debug" value="release"/>
    <property name="surefire.test.class.path" value="/Users/azeezalimi/Desktop/Automation/n26HomeChallenge/src/restfulApiTestAutomation(RestAssured-Bonus)/target/test-classes:/Users/azeezalimi/Desktop/Automation/n26HomeChallenge/src/restfulApiTestAutomation(RestAssured-Bonus)/target/classes:/Users/azeezalimi/.m2/repository/io/rest-assured/rest-assured/5.4.0/rest-assured-5.4.0.jar:/Users/azeezalimi/.m2/repository/org/apache/groovy/groovy/4.0.16/groovy-4.0.16.jar:/Users/azeezalimi/.m2/repository/org/apache/groovy/groovy-xml/4.0.16/groovy-xml-4.0.16.jar:/Users/azeezalimi/.m2/repository/org/apache/httpcomponents/httpclient/4.5.13/httpclient-4.5.13.jar:/Users/azeezalimi/.m2/repository/org/apache/httpcomponents/httpcore/4.4.13/httpcore-4.4.13.jar:/Users/azeezalimi/.m2/repository/commons-logging/commons-logging/1.2/commons-logging-1.2.jar:/Users/azeezalimi/.m2/repository/commons-codec/commons-codec/1.11/commons-codec-1.11.jar:/Users/azeezalimi/.m2/repository/org/apache/httpcomponents/httpmime/4.5.13/httpmime-4.5.13.jar:/Users/azeezalimi/.m2/repository/org/hamcrest/hamcrest/2.2/hamcrest-2.2.jar:/Users/azeezalimi/.m2/repository/org/ccil/cowan/tagsoup/tagsoup/1.2.1/tagsoup-1.2.1.jar:/Users/azeezalimi/.m2/repository/io/rest-assured/xml-path/5.4.0/xml-path-5.4.0.jar:/Users/azeezalimi/.m2/repository/org/apache/commons/commons-lang3/3.11/commons-lang3-3.11.jar:/Users/azeezalimi/.m2/repository/io/rest-assured/json-path/5.4.0/json-path-5.4.0.jar:/Users/azeezalimi/.m2/repository/org/apache/groovy/groovy-json/4.0.16/groovy-json-4.0.16.jar:/Users/azeezalimi/.m2/repository/io/rest-assured/rest-assured-common/5.4.0/rest-assured-common-5.4.0.jar:/Users/azeezalimi/.m2/repository/org/testng/testng/7.9.0/testng-7.9.0.jar:/Users/azeezalimi/.m2/repository/org/slf4j/slf4j-api/1.7.36/slf4j-api-1.7.36.jar:/Users/azeezalimi/.m2/repository/com/beust/jcommander/1.82/jcommander-1.82.jar:/Users/azeezalimi/.m2/repository/org/webjars/jquery/3.7.1/jquery-3.7.1.jar:"/>
    <property name="sun.cpu.endian" value="little"/>
    <property name="user.home" value="/Users/azeezalimi"/>
    <property name="user.language" value="en"/>
    <property name="java.specification.vendor" value="Oracle Corporation"/>
    <property name="java.version.date" value="2023-08-24"/>
    <property name="java.home" value="/Library/Java/JavaVirtualMachines/temurin-17.jdk/Contents/Home"/>
    <property name="file.separator" value="/"/>
    <property name="basedir" value="/Users/azeezalimi/Desktop/Automation/n26HomeChallenge/src/restfulApiTestAutomation(RestAssured-Bonus)"/>
    <property name="java.vm.compressedOopsMode" value="Zero based"/>
    <property name="line.separator" value="&#10;"/>
    <property name="java.vm.specification.vendor" value="Oracle Corporation"/>
    <property name="java.specification.name" value="Java Platform API Specification"/>
    <property name="surefire.real.class.path" value="/Users/azeezalimi/Desktop/Automation/n26HomeChallenge/src/restfulApiTestAutomation(RestAssured-Bonus)/target/surefire/surefirebooter-20250513154120722_3.jar"/>
    <property name="sun.management.compiler" value="HotSpot 64-Bit Tiered Compilers"/>
    <property name="ftp.nonProxyHosts" value="local|*.local|169.254/16|*.169.254/16"/>
    <property name="java.runtime.version" value="17.0.8.1+1"/>
    <property name="user.name" value="azeezalimi"/>
    <property name="path.separator" value=":"/>
    <property name="os.version" value="15.4.1"/>
    <property name="java.runtime.name" value="OpenJDK Runtime Environment"/>
    <property name="file.encoding" value="UTF-8"/>
    <property name="java.vm.name" value="OpenJDK 64-Bit Server VM"/>
    <property name="java.vendor.version" value="Temurin-17.0.8.1+1"/>
    <property name="localRepository" value="/Users/azeezalimi/.m2/repository"/>
    <property name="java.vendor.url.bug" value="https://github.com/adoptium/adoptium-support/issues"/>
    <property name="java.io.tmpdir" value="/var/folders/vr/wdk7fc7s68d7w143_mk55dzm0000gn/T/"/>
    <property name="java.version" value="17.0.8.1"/>
    <property name="user.dir" value="/Users/azeezalimi/Desktop/Automation/n26HomeChallenge/src/restfulApiTestAutomation(RestAssured-Bonus)"/>
    <property name="os.arch" value="x86_64"/>
    <property name="java.vm.specification.name" value="Java Virtual Machine Specification"/>
    <property name="native.encoding" value="UTF-8"/>
    <property name="java.library.path" value="/Users/azeezalimi/Library/Java/Extensions:/Library/Java/Extensions:/Network/Library/Java/Extensions:/System/Library/Java/Extensions:/usr/lib/java:."/>
    <property name="java.vm.info" value="mixed mode, sharing"/>
    <property name="java.vendor" value="Eclipse Adoptium"/>
    <property name="java.vm.version" value="17.0.8.1+1"/>
    <property name="sun.io.unicode.encoding" value="UnicodeBig"/>
    <property name="socksNonProxyHosts" value="local|*.local|169.254/16|*.169.254/16"/>
    <property name="java.class.version" value="61.0"/>
  </properties>
  <testcase name="createPet" classname="api.PetCrudTests" time="2.696">
    <system-err><![CDATA[SLF4J: Failed to load class "org.slf4j.impl.StaticLoggerBinder".
SLF4J: Defaulting to no-operation (NOP) logger implementation
SLF4J: See http://www.slf4j.org/codes.html#StaticLoggerBinder for further details.
]]></system-err>
  </testcase>
  <testcase name="getPet" classname="api.PetCrudTests" time="0.606"/>
  <testcase name="updatePet" classname="api.PetCrudTests" time="0.56"/>
  <testcase name="deletePet" classname="api.PetCrudTests" time="0.543"/>
</testsuite>